<?xml version="1.0" encoding="UTF-8"?>
<testng-results ignored="0" total="1" passed="1" failed="0" skipped="0">
  <reporter-output>
  </reporter-output>
  <suite started-at="2024-02-21T23:15:23 IST" name="Default suite" finished-at="2024-02-21T23:15:36 IST" duration-ms="13009">
    <groups>
    </groups>
    <test started-at="2024-02-21T23:15:23 IST" name="Default test" finished-at="2024-02-21T23:15:36 IST" duration-ms="13009">
      <class name="Test_Scenarios.TC12_TestMethod_AddProduct">
        <test-method is-config="true" signature="beforetest()[pri:0, instance:Test_Scenarios.TC12_TestMethod_AddProduct@20140db9]" started-at="2024-02-21T23:15:24 IST" name="beforetest" finished-at="2024-02-21T23:15:30 IST" duration-ms="6328" status="PASS">
          <reporter-output>
          </reporter-output>
        </test-method> <!-- beforetest -->
        <test-method signature="add()[pri:0, instance:Test_Scenarios.TC12_TestMethod_AddProduct@20140db9]" started-at="2024-02-21T23:15:30 IST" name="add" finished-at="2024-02-21T23:15:36 IST" duration-ms="6339" status="PASS">
          <reporter-output>
          </reporter-output>
        </test-method> <!-- add -->
        <test-method is-config="true" signature="close()[pri:0, instance:Test_Scenarios.TC12_TestMethod_AddProduct@20140db9]" started-at="2024-02-21T23:15:36 IST" name="close" finished-at="2024-02-21T23:15:36 IST" duration-ms="221" status="PASS">
          <reporter-output>
          </reporter-output>
        </test-method> <!-- close -->
      </class> <!-- Test_Scenarios.TC12_TestMethod_AddProduct -->
    </test> <!-- Default test -->
  </suite> <!-- Default suite -->
</testng-results>
